Build started 06.11.2013 14:54:40.
     1>Project "C:\Documents and Settings\std\Рабочий стол\Laba\Laba\Laba.vcxproj" on node 2 (build target(s)).
     1>InitializeBuildStatus:
         Creating "Debug\Laba.unsuccessfulbuild" because "AlwaysCreate" was specified.
       ClCompile:
         C:\Program Files\Microsoft Visual Studio 10.0\VC\bin\CL.exe /c /ZI /nologo /W3 /WX- /Od /Oy- /D WIN32 /D _DEBUG /D _CONSOLE /D _UNICODE /D UNICODE /Gm /EHsc /RTC1 /MDd /GS /fp:precise /Zc:wchar_t /Zc:forScope /Fo"Debug\\" /Fd"Debug\vc100.pdb" /Gd /TP /analyze- /errorReport:prompt MyClass.cpp
         MyClass.cpp
     1>c:\documents and settings\std\рабочий стол\laba\laba\myclass.cpp(9): warning C4101: 'size_c' : unreferenced local variable
       ManifestResourceCompile:
         All outputs are up-to-date.
       Link:
         C:\Program Files\Microsoft Visual Studio 10.0\VC\bin\link.exe /ERRORREPORT:PROMPT /OUT:"C:\Documents and Settings\std\Рабочий стол\Laba\Debug\Laba.exe" /INCREMENTAL /NOLOGO kernel32.lib user32.lib gdi32.lib winspool.lib comdlg32.lib advapi32.lib shell32.lib ole32.lib oleaut32.lib uuid.lib odbc32.lib odbccp32.lib /MANIFEST /ManifestFile:"Debug\Laba.exe.intermediate.manifest" /MANIFESTUAC:"level='asInvoker' uiAccess='false'" /DEBUG /PDB:"C:\Documents and Settings\std\Рабочий стол\Laba\Debug\Laba.pdb" /SUBSYSTEM:CONSOLE /TLBID:1 /DYNAMICBASE /NXCOMPAT /IMPLIB:"C:\Documents and Settings\std\Рабочий стол\Laba\Debug\Laba.lib" /MACHINE:X86 Debug\Laba.exe.embed.manifest.res
         Debug\MyClass.obj
       Manifest:
         C:\Program Files\Microsoft SDKs\Windows\v7.0A\bin\mt.exe /nologo /verbose /out:"Debug\Laba.exe.embed.manifest" /manifest Debug\Laba.exe.intermediate.manifest
         All outputs are up-to-date.
       LinkEmbedManifest:
         All outputs are up-to-date.
         Laba.vcxproj -> C:\Documents and Settings\std\Рабочий стол\Laba\Debug\Laba.exe
       FinalizeBuildStatus:
         Deleting file "Debug\Laba.unsuccessfulbuild".
         Touching "Debug\Laba.lastbuildstate".
     1>Done Building Project "C:\Documents and Settings\std\Рабочий стол\Laba\Laba\Laba.vcxproj" (build target(s)).

Build succeeded.

Time Elapsed 00:00:01.84
