C:\DOCUMENTS AND SETTINGS\STD\Рабочий стол\LABA\DEBUG\LABA.EXE
C:\DOCUMENTS AND SETTINGS\STD\Рабочий стол\LABA\DEBUG\LABA.ILK
C:\DOCUMENTS AND SETTINGS\STD\РАБОЧИЙ СТОЛ\LABA\DEBUG\LABA.PDB
C:\Documents and Settings\std\Рабочий стол\Laba\Laba\Debug\cl.command.1.tlog
C:\Documents and Settings\std\Рабочий стол\Laba\Laba\Debug\CL.read.1.tlog
C:\Documents and Settings\std\Рабочий стол\Laba\Laba\Debug\CL.write.1.tlog
C:\DOCUMENTS AND SETTINGS\STD\Рабочий стол\LABA\LABA\DEBUG\LABA.EXE.EMBED.MANIFEST
C:\DOCUMENTS AND SETTINGS\STD\Рабочий стол\LABA\LABA\DEBUG\LABA.EXE.EMBED.MANIFEST.RES
C:\DOCUMENTS AND SETTINGS\STD\Рабочий стол\LABA\LABA\DEBUG\LABA.EXE.INTERMEDIATE.MANIFEST
C:\Documents and Settings\std\Рабочий стол\Laba\Laba\Debug\Laba_manifest.rc
C:\Documents and Settings\std\Рабочий стол\Laba\Laba\Debug\link.3936.read.1.tlog
C:\Documents and Settings\std\Рабочий стол\Laba\Laba\Debug\link.3936.write.1.tlog
C:\Documents and Settings\std\Рабочий стол\Laba\Laba\Debug\link.3936-cvtres.read.1.tlog
C:\Documents and Settings\std\Рабочий стол\Laba\Laba\Debug\link.3936-cvtres.write.1.tlog
C:\Documents and Settings\std\Рабочий стол\Laba\Laba\Debug\link.command.1.tlog
C:\Documents and Settings\std\Рабочий стол\Laba\Laba\Debug\link.read.1.tlog
C:\Documents and Settings\std\Рабочий стол\Laba\Laba\Debug\link.write.1.tlog
C:\Documents and Settings\std\Рабочий стол\Laba\Laba\Debug\link-cvtres.read.1.tlog
C:\Documents and Settings\std\Рабочий стол\Laba\Laba\Debug\link-cvtres.write.1.tlog
C:\Documents and Settings\std\Рабочий стол\Laba\Laba\Debug\mt.command.1.tlog
C:\Documents and Settings\std\Рабочий стол\Laba\Laba\Debug\mt.read.1.tlog
C:\Documents and Settings\std\Рабочий стол\Laba\Laba\Debug\mt.write.1.tlog
C:\DOCUMENTS AND SETTINGS\STD\Рабочий стол\LABA\LABA\DEBUG\MYCLASS.OBJ
C:\Documents and Settings\std\Рабочий стол\Laba\Laba\Debug\rc.command.1.tlog
C:\Documents and Settings\std\Рабочий стол\Laba\Laba\Debug\rc.read.1.tlog
C:\Documents and Settings\std\Рабочий стол\Laba\Laba\Debug\rc.write.1.tlog
C:\Documents and Settings\std\Рабочий стол\Laba\Laba\Debug\vc100.idb
C:\DOCUMENTS AND SETTINGS\STD\РАБОЧИЙ СТОЛ\LABA\LABA\DEBUG\VC100.PDB
